{"level":"error","message":"Error creating payment: Payment validation failed: remainingAmount: Path `remainingAmount` is required.","timestamp":"2025-09-01T16:44:01.932Z"}
{"level":"error","message":"Error fetching orders: Order is not defined","timestamp":"2025-09-07T20:59:09.228Z"}
{"level":"error","message":"Error fetching orders: Order is not defined","timestamp":"2025-09-07T21:08:46.508Z"}
{"level":"error","message":"Error fetching orders: Order is not defined","timestamp":"2025-09-07T21:09:37.946Z"}
{"level":"error","message":"Error fetching orders: Order is not defined","timestamp":"2025-09-07T21:09:44.376Z"}
{"level":"error","message":"Error fetching orders: Order is not defined","timestamp":"2025-09-07T21:13:14.719Z"}
{"level":"error","message":"Error fetching orders: Order is not defined","timestamp":"2025-09-07T21:13:54.297Z"}
{"level":"error","message":"Error fetching orders: Order is not defined","timestamp":"2025-09-07T21:15:11.255Z"}
{"level":"error","message":"Error fetching orders: Order is not defined","timestamp":"2025-09-07T21:15:24.348Z"}
{"level":"error","message":"Error fetching orders: Order is not defined","timestamp":"2025-09-07T21:16:25.255Z"}
{"level":"error","message":"Error fetching orders: Order is not defined","timestamp":"2025-09-09T09:18:26.228Z"}
{"level":"error","message":"Error fetching orders: Order is not defined","timestamp":"2025-09-09T09:18:57.346Z"}
{"level":"error","message":"Error fetching orders: Order is not defined","timestamp":"2025-09-09T09:19:19.445Z"}
{"level":"error","message":"Error fetching employee orders: Order is not defined","timestamp":"2025-09-09T09:20:08.300Z"}
{"level":"error","message":"Error fetching orders: Order is not defined","timestamp":"2025-09-09T09:24:21.888Z"}
{"level":"error","message":"Error fetching employee orders: Order is not defined","timestamp":"2025-09-09T09:46:46.530Z"}
{"level":"error","message":"Error creating payment: Payment validation failed: remainingAmount: Path `remainingAmount` is required.","timestamp":"2025-09-09T10:27:17.417Z"}
{"level":"error","message":"Error fetching orders: Order is not defined","timestamp":"2025-09-09T10:53:07.166Z"}
{"level":"error","message":"Error fetching orders: Order is not defined","timestamp":"2025-09-09T10:58:19.620Z"}
{"level":"error","message":"Error fetching orders: Order is not defined","timestamp":"2025-09-09T10:58:45.816Z"}
{"level":"error","message":"Error fetching orders: Order is not defined","timestamp":"2025-09-09T11:04:12.105Z"}
{"level":"error","message":"Error fetching orders: Order is not defined","timestamp":"2025-09-09T11:04:53.386Z"}
{"level":"error","message":"Error fetching orders: Order is not defined","timestamp":"2025-09-09T11:06:44.448Z"}
{"level":"error","message":"Error fetching orders: Order is not defined","timestamp":"2025-09-09T11:21:05.217Z"}
{"level":"error","message":"Error fetching payment summary: Order is not defined","timestamp":"2025-09-09T11:21:05.220Z"}
{"level":"error","message":"Error fetching orders: Order is not defined","timestamp":"2025-09-09T11:22:26.896Z"}
{"level":"error","message":"Error fetching payment summary: Order is not defined","timestamp":"2025-09-09T11:22:26.900Z"}
{"level":"error","message":"Error fetching orders: Order is not defined","timestamp":"2025-09-09T11:25:35.335Z"}
{"level":"error","message":"Error fetching payment summary: Order is not defined","timestamp":"2025-09-09T11:25:35.341Z"}
{"level":"error","message":"Error fetching orders: Order is not defined","timestamp":"2025-09-09T11:25:46.401Z"}
{"level":"error","message":"Error fetching payment summary: Order is not defined","timestamp":"2025-09-09T11:25:46.407Z"}
{"level":"error","message":"Error fetching payment summary: Order is not defined","timestamp":"2025-09-09T11:28:34.764Z"}
{"level":"error","message":"Error fetching orders: Order is not defined","timestamp":"2025-09-11T12:29:15.032Z"}
{"level":"error","message":"Error fetching employee orders: Order is not defined","timestamp":"2025-09-11T12:32:17.999Z"}
{"level":"error","message":"Error fetching orders: Order is not defined","timestamp":"2025-09-13T12:19:33.950Z"}
{"level":"error","message":"Error fetching orders: Order is not defined","timestamp":"2025-09-13T12:19:51.964Z"}
{"level":"error","message":"Error deleting loading: Cast to ObjectId failed for value \"all\" (type string) at path \"_id\" for model \"Loading\"","timestamp":"2025-09-18T10:02:21.879Z"}
{"level":"error","message":"Error fetching employee orders: Order is not defined","timestamp":"2025-09-21T21:12:43.673Z"}
{"level":"error","message":"Error fetching employee orders: Order is not defined","timestamp":"2025-09-21T21:14:15.816Z"}
{"level":"error","message":"Error fetching employee orders: Order is not defined","timestamp":"2025-09-21T21:14:18.185Z"}
{"level":"error","message":"Error fetching employee orders: Order is not defined","timestamp":"2025-09-21T21:14:53.566Z"}
{"level":"error","message":"Error fetching employee orders: Order is not defined","timestamp":"2025-09-21T21:16:43.300Z"}
{"level":"error","message":"Error fetching employee orders: Order is not defined","timestamp":"2025-09-21T21:16:57.689Z"}
{"level":"error","message":"Error fetching employee orders: Order is not defined","timestamp":"2025-09-21T21:19:13.746Z"}
{"level":"error","message":"Login error: Operation `users.findOne()` buffering timed out after 10000ms","timestamp":"2025-09-25T07:32:17.864Z"}
{"level":"error","message":"Login error: Operation `users.findOne()` buffering timed out after 10000ms","timestamp":"2025-09-25T07:33:06.121Z"}
{"level":"error","message":"Login error: Operation `users.findOne()` buffering timed out after 10000ms","timestamp":"2025-09-25T07:36:07.875Z"}
{"level":"error","message":"Login error: Operation `users.findOne()` buffering timed out after 10000ms","timestamp":"2025-09-25T07:36:36.808Z"}
{"level":"error","message":"Invalid distribution ID format: all","timestamp":"2025-10-22T18:26:02.656Z"}
{"level":"error","message":"Error deleting payment: Cast to ObjectId failed for value \"all\" (type string) at path \"_id\" for model \"Payment\"","timestamp":"2025-10-27T20:50:48.038Z"}
{"level":"error","message":"Error deleting payment: Cast to ObjectId failed for value \"all\" (type string) at path \"_id\" for model \"Payment\"","timestamp":"2025-10-27T20:52:36.565Z"}
{"level":"error","message":"Invalid distribution ID format: all","timestamp":"2025-10-27T20:58:12.782Z"}
{"level":"error","message":"Error updating distribution: Loading validation failed: distributedNetWeight: Path `distributedNetWeight` (-160) is less than minimum allowed value (0).","timestamp":"2025-11-22T14:18:00.795Z"}
{"level":"error","message":"Error updating distribution: Loading validation failed: distributedQuantity: Path `distributedQuantity` (-60) is less than minimum allowed value (0)., distributedNetWeight: Path `distributedNetWeight` (-1020) is less than minimum allowed value (0).","timestamp":"2025-11-22T14:19:17.409Z"}
{"level":"error","message":"Transaction error deleting distribution 6921c540ae09a5e26a1135b8: Loading validation failed: distributedQuantity: Path `distributedQuantity` (-60) is less than minimum allowed value (0)., distributedNetWeight: Path `distributedNetWeight` (-1020) is less than minimum allowed value (0).","timestamp":"2025-11-22T14:28:33.812Z"}
{"level":"error","message":"Error deleting distribution 6921c540ae09a5e26a1135b8: Loading validation failed: distributedQuantity: Path `distributedQuantity` (-60) is less than minimum allowed value (0)., distributedNetWeight: Path `distributedNetWeight` (-1020) is less than minimum allowed value (0).","timestamp":"2025-11-22T14:28:33.812Z"}
{"level":"error","message":"Error stack: ValidationError: Loading validation failed: distributedQuantity: Path `distributedQuantity` (-60) is less than minimum allowed value (0)., distributedNetWeight: Path `distributedNetWeight` (-1020) is less than minimum allowed value (0).\n    at Document.invalidate (D:\\iWebitro\\Farmy\\Backend\\node_modules\\mongoose\\lib\\document.js:3358:32)\n    at D:\\iWebitro\\Farmy\\Backend\\node_modules\\mongoose\\lib\\document.js:3119:17\n    at D:\\iWebitro\\Farmy\\Backend\\node_modules\\mongoose\\lib\\schemaType.js:1416:9\n    at process.processTicksAndRejections (node:internal/process/task_queues:85:11)","timestamp":"2025-11-22T14:28:33.813Z"}
{"level":"error","message":"Error updating distribution: Loading validation failed: distributedQuantity: Path `distributedQuantity` (-17) is less than minimum allowed value (0).","timestamp":"2025-11-22T14:42:22.566Z"}
{"level":"error","message":"Error updating distribution: Loading validation failed: distributedQuantity: Path `distributedQuantity` (-6) is less than minimum allowed value (0).","timestamp":"2025-11-22T15:03:28.989Z"}
{"level":"error","message":"Error creating transfer: Transaction numbers are only allowed on a replica set member or mongos","timestamp":"2025-12-21T10:43:20.396Z"}
